<?xml version="1.0" encoding="UTF-8"?>
<!-- Generated by org.testng.reporters.JUnitReportReporter -->
<testsuite hostname="LAPTOP-VFKJ2SC9" failures="0" tests="1" name="SS.CreateASoloInstructor" time="11.662" errors="0" timestamp="2022-09-18T17:24:37 IST" skipped="0">
  <testcase classname="SS.CreateASoloInstructor" name="CreateNewSoloInst" time="11.662"/>
  <system-out/>
</testsuite> <!-- SS.CreateASoloInstructor -->
