<?xml version="1.0" encoding="UTF-8"?>
<!-- Generated by org.testng.reporters.JUnitReportReporter -->
<testsuite hostname="LAPTOP-VFKJ2SC9" failures="0" tests="1" name="SS_Uber.ForgotPasswordPageTest" time="3.111" errors="0" timestamp="2023-06-01T15:02:46 IST" skipped="0">
  <testcase classname="SS_Uber.ForgotPasswordPageTest" name="ForgotPassword" time="3.111"/>
</testsuite> <!-- SS_Uber.ForgotPasswordPageTest -->
