<?xml version="1.0" encoding="UTF-8"?>
<!-- Generated by org.testng.reporters.JUnitReportReporter -->
<testsuite hostname="LAPTOP-VFKJ2SC9" failures="0" tests="1" name="SS.ForgotPasswordPageTest" time="1.396" errors="0" timestamp="2022-06-27T01:05:59 IST" skipped="0">
  <testcase classname="SS.ForgotPasswordPageTest" name="ForgotPassword" time="1.396"/>
  <system-out/>
</testsuite> <!-- SS.ForgotPasswordPageTest -->
