<?xml version="1.0" encoding="UTF-8"?>
<!-- Generated by org.testng.reporters.JUnitReportReporter -->
<testsuite hostname="LAPTOP-VFKJ2SC9" failures="0" tests="5" name="SS_Uber.LoginPageTest" time="40.317" errors="0" timestamp="2023-06-01T15:02:46 IST" skipped="0">
  <testcase classname="SS_Uber.LoginPageTest" name="verifyLoginWithIncorrectCredentials" time="4.695"/>
  <testcase classname="SS_Uber.LoginPageTest" name="verifyLoginWithIncorrectCredentials" time="12.534"/>
  <testcase classname="SS_Uber.LoginPageTest" name="verifyLoginWithNoData" time="0.332"/>
  <testcase classname="SS_Uber.LoginPageTest" name="verifyLoginWithCorrectCredentials" time="21.691"/>
  <testcase classname="SS_Uber.LoginPageTest" name="verifyLoginWithIncorrectCredentials" time="1.065"/>
</testsuite> <!-- SS_Uber.LoginPageTest -->
